# JRE version: OpenJDK Runtime Environment AdoptOpenJDK-11.0.11+9 (11.0.11+9) (build 11.0.11+9)
# Java VM: OpenJDK 64-Bit Server VM AdoptOpenJDK-11.0.11+9 (11.0.11+9, mixed mode, tiered, compressed oops, g1 gc, windows-amd64)
Heap:
 garbage-first heap   total 229376K, used 78110K [0x0000000720c00000, 0x0000000800000000)
  region size 1024K, 74 young (75776K), 8 survivors (8192K)
 Metaspace       used 31737K, capacity 32327K, committed 32432K, reserved 1079296K
  class space    used 3388K, capacity 3555K, committed 3584K, reserved 1048576K
GC Heap History (6 events):
Event: 0.719 GC heap before
{Heap before GC invocations=0 (full 0):
 garbage-first heap   total 229376K, used 23552K [0x0000000720c00000, 0x0000000800000000)
  region size 1024K, 24 young (24576K), 0 survivors (0K)
 Metaspace       used 12679K, capacity 12853K, committed 12928K, reserved 1060864K
  class space    used 1279K, capacity 1348K, committed 1408K, reserved 1048576K
}
Event: 0.723 GC heap after
{Heap after GC invocations=1 (full 0):
 garbage-first heap   total 229376K, used 3689K [0x0000000720c00000, 0x0000000800000000)
  region size 1024K, 3 young (3072K), 3 survivors (3072K)
 Metaspace       used 12679K, capacity 12853K, committed 12928K, reserved 1060864K
  class space    used 1279K, capacity 1348K, committed 1408K, reserved 1048576K
}
Event: 1.786 GC heap before
{Heap before GC invocations=1 (full 0):
 garbage-first heap   total 229376K, used 54889K [0x0000000720c00000, 0x0000000800000000)
  region size 1024K, 54 young (55296K), 3 survivors (3072K)
 Metaspace       used 20835K, capacity 21173K, committed 21296K, reserved 1069056K
  class space    used 2252K, capacity 2379K, committed 2432K, reserved 1048576K
}
Event: 1.795 GC heap after
{Heap after GC invocations=2 (full 0):
 garbage-first heap   total 229376K, used 6761K [0x0000000720c00000, 0x0000000800000000)
  region size 1024K, 6 young (6144K), 6 survivors (6144K)
 Metaspace       used 20835K, capacity 21173K, committed 21296K, reserved 1069056K
  class space    used 2252K, capacity 2379K, committed 2432K, reserved 1048576K
}
Event: 5.157 GC heap before
{Heap before GC invocations=3 (full 0):
 garbage-first heap   total 229376K, used 66153K [0x0000000720c00000, 0x0000000800000000)
  region size 1024K, 64 young (65536K), 6 survivors (6144K)
 Metaspace       used 29462K, capacity 29953K, committed 30256K, reserved 1077248K
  class space    used 3236K, capacity 3402K, committed 3456K, reserved 1048576K
}
Event: 5.167 GC heap after
{Heap after GC invocations=4 (full 0):
 garbage-first heap   total 229376K, used 11550K [0x0000000720c00000, 0x0000000800000000)
  region size 1024K, 8 young (8192K), 8 survivors (8192K)
 Metaspace       used 29462K, capacity 29953K, committed 30256K, reserved 1077248K
  class space    used 3236K, capacity 3402K, committed 3456K, reserved 1048576K
}

